2025-07-22 00:24:41,089 - INFO - Configuration and logging setup complete.
2025-07-22 00:24:41,090 - INFO - Global MultiLabelBinarizer initialized.
2025-07-22 00:24:41,206 - INFO - Initializing tokenizer for thematic model: microsoft/BiomedNLP-PubMedBERT-base-uncased-abstract-fulltext
2025-07-22 00:24:41,215 - INFO - Configuration and logging setup complete.
2025-07-22 00:24:41,216 - INFO - Global MultiLabelBinarizer initialized.
2025-07-22 00:24:41,334 - INFO - Initializing tokenizer for thematic model: microsoft/BiomedNLP-PubMedBERT-base-uncased-abstract-fulltext
2025-07-22 00:24:41,739 - INFO - Loading data from data/patients_100a.json
2025-07-22 00:24:41,755 - INFO - Dataset loaded successfully! Total patients: 100
2025-07-22 00:24:41,802 - INFO - Combined narrative created from relevant fields.
2025-07-22 00:24:41,978 - INFO - Loading data from data/patients_100a.json
2025-07-22 00:24:42,018 - INFO - Dataset loaded successfully! Total patients: 100
2025-07-22 00:24:42,078 - INFO - Combined narrative created from relevant fields.
2025-07-22 00:24:49,519 - INFO - Narratives preprocessed and labels assigned for main dataset.
2025-07-22 00:24:49,776 - INFO - Example multi-labels for first patient: [1 1 1 1 1]
2025-07-22 00:24:49,807 - INFO - Class distribution of 'dominant_label_id' before oversampling: Counter({1: 25, 0: 23, 2: 19, 3: 17, 4: 16})
2025-07-22 00:24:50,259 - INFO - Narratives preprocessed and labels assigned for main dataset.
2025-07-22 00:24:50,287 - INFO - Example multi-labels for first patient: [1 1 1 1 1]
2025-07-22 00:24:50,327 - INFO - Class distribution of 'dominant_label_id' before oversampling: Counter({1: 25, 0: 23, 2: 19, 3: 17, 4: 16})
2025-07-22 00:27:02,424 - INFO - Original number of narratives: 100
2025-07-22 00:27:02,427 - INFO - Number of chunks for classification after splitting: 7217
2025-07-22 00:27:02,439 - INFO - Class distribution after oversampling: Counter({np.int64(0): 1895, np.int64(2): 1895, np.int64(1): 1895, np.int64(4): 1895, np.int64(3): 1895})
2025-07-22 00:27:02,440 - INFO - Number of samples after oversampling: 9475
2025-07-22 00:27:02,779 - INFO - Original number of narratives: 100
2025-07-22 00:27:02,787 - INFO - Number of chunks for classification after splitting: 7217
2025-07-22 00:27:02,803 - INFO - Class distribution after oversampling: Counter({np.int64(0): 1895, np.int64(2): 1895, np.int64(1): 1895, np.int64(4): 1895, np.int64(3): 1895})
2025-07-22 00:27:02,810 - INFO - Number of samples after oversampling: 9475
