2025-07-22 00:32:42,016 - INFO - Configuration and logging setup complete.
2025-07-22 00:32:42,018 - INFO - Global MultiLabelBinarizer initialized.
2025-07-22 00:32:42,091 - INFO - Configuration and logging setup complete.
2025-07-22 00:32:42,092 - INFO - Global MultiLabelBinarizer initialized.
2025-07-22 00:32:42,281 - INFO - Initializing tokenizer for thematic model: microsoft/BiomedNLP-PubMedBERT-base-uncased-abstract-fulltext
2025-07-22 00:32:42,282 - INFO - Initializing tokenizer for thematic model: microsoft/BiomedNLP-PubMedBERT-base-uncased-abstract-fulltext
2025-07-22 00:32:42,331 - INFO - Configuration and logging setup complete.
2025-07-22 00:32:42,332 - INFO - Global MultiLabelBinarizer initialized.
2025-07-22 00:32:42,548 - INFO - Initializing tokenizer for thematic model: microsoft/BiomedNLP-PubMedBERT-base-uncased-abstract-fulltext
2025-07-22 00:32:42,913 - INFO - Loading data from data/patients_100a.json
2025-07-22 00:32:42,914 - INFO - Loading data from data/patients_100a.json
2025-07-22 00:32:42,926 - INFO - Dataset loaded successfully! Total patients: 100
2025-07-22 00:32:42,926 - INFO - Dataset loaded successfully! Total patients: 100
2025-07-22 00:32:42,960 - INFO - Combined narrative created from relevant fields.
2025-07-22 00:32:42,962 - INFO - Combined narrative created from relevant fields.
2025-07-22 00:32:43,080 - INFO - Loading data from data/patients_100a.json
2025-07-22 00:32:43,093 - INFO - Dataset loaded successfully! Total patients: 100
2025-07-22 00:32:43,124 - INFO - Combined narrative created from relevant fields.
2025-07-22 00:32:48,562 - INFO - Narratives preprocessed and labels assigned for main dataset.
2025-07-22 00:32:48,564 - INFO - Example multi-labels for first patient: [1 1 1 1 1]
2025-07-22 00:32:48,566 - INFO - Narratives preprocessed and labels assigned for main dataset.
2025-07-22 00:32:48,568 - INFO - Class distribution of 'dominant_label_id' before oversampling: Counter({1: 25, 0: 23, 2: 19, 3: 17, 4: 16})
2025-07-22 00:32:48,568 - INFO - Example multi-labels for first patient: [1 1 1 1 1]
2025-07-22 00:32:48,569 - INFO - Class distribution of 'dominant_label_id' before oversampling: Counter({1: 25, 0: 23, 2: 19, 3: 17, 4: 16})
2025-07-22 00:32:48,684 - INFO - Narratives preprocessed and labels assigned for main dataset.
2025-07-22 00:32:48,684 - INFO - Example multi-labels for first patient: [1 1 1 1 1]
2025-07-22 00:32:48,685 - INFO - Class distribution of 'dominant_label_id' before oversampling: Counter({1: 25, 0: 23, 2: 19, 3: 17, 4: 16})
2025-07-22 00:34:54,501 - INFO - Original number of narratives: 100
2025-07-22 00:34:54,501 - INFO - Number of chunks for classification after splitting: 7217
2025-07-22 00:34:54,513 - INFO - Class distribution after oversampling: Counter({np.int64(0): 1895, np.int64(2): 1895, np.int64(1): 1895, np.int64(4): 1895, np.int64(3): 1895})
2025-07-22 00:34:54,515 - INFO - Number of samples after oversampling: 9475
2025-07-22 00:34:55,753 - INFO - Original number of narratives: 100
2025-07-22 00:34:55,777 - INFO - Number of chunks for classification after splitting: 7217
2025-07-22 00:34:55,818 - INFO - Class distribution after oversampling: Counter({np.int64(0): 1895, np.int64(2): 1895, np.int64(1): 1895, np.int64(4): 1895, np.int64(3): 1895})
2025-07-22 00:34:55,821 - INFO - Number of samples after oversampling: 9475
2025-07-22 00:34:56,336 - INFO - Original number of narratives: 100
2025-07-22 00:34:56,352 - INFO - Number of chunks for classification after splitting: 7217
2025-07-22 00:34:56,364 - INFO - Class distribution after oversampling: Counter({np.int64(0): 1895, np.int64(2): 1895, np.int64(1): 1895, np.int64(4): 1895, np.int64(3): 1895})
2025-07-22 00:34:56,365 - INFO - Number of samples after oversampling: 9475
