2025-07-22 00:24:40,521 - INFO - Configuration and logging setup complete.
2025-07-22 00:24:40,522 - INFO - Global MultiLabelBinarizer initialized.
2025-07-22 00:24:40,569 - INFO - Configuration and logging setup complete.
2025-07-22 00:24:40,571 - INFO - Global MultiLabelBinarizer initialized.
2025-07-22 00:24:40,676 - INFO - Configuration and logging setup complete.
2025-07-22 00:24:40,678 - INFO - Global MultiLabelBinarizer initialized.
2025-07-22 00:24:40,682 - INFO - Initializing tokenizer for thematic model: microsoft/BiomedNLP-PubMedBERT-base-uncased-abstract-fulltext
2025-07-22 00:24:40,684 - INFO - Configuration and logging setup complete.
2025-07-22 00:24:40,689 - INFO - Global MultiLabelBinarizer initialized.
2025-07-22 00:24:40,710 - INFO - Configuration and logging setup complete.
2025-07-22 00:24:40,710 - INFO - Global MultiLabelBinarizer initialized.
2025-07-22 00:24:40,733 - INFO - Configuration and logging setup complete.
2025-07-22 00:24:40,735 - INFO - Global MultiLabelBinarizer initialized.
2025-07-22 00:24:40,736 - INFO - Initializing tokenizer for thematic model: microsoft/BiomedNLP-PubMedBERT-base-uncased-abstract-fulltext
2025-07-22 00:24:40,829 - INFO - Initializing tokenizer for thematic model: microsoft/BiomedNLP-PubMedBERT-base-uncased-abstract-fulltext
2025-07-22 00:24:40,833 - INFO - Configuration and logging setup complete.
2025-07-22 00:24:40,833 - INFO - Global MultiLabelBinarizer initialized.
2025-07-22 00:24:40,839 - INFO - Initializing tokenizer for thematic model: microsoft/BiomedNLP-PubMedBERT-base-uncased-abstract-fulltext
2025-07-22 00:24:40,866 - INFO - Initializing tokenizer for thematic model: microsoft/BiomedNLP-PubMedBERT-base-uncased-abstract-fulltext
2025-07-22 00:24:40,878 - INFO - Configuration and logging setup complete.
2025-07-22 00:24:40,878 - INFO - Global MultiLabelBinarizer initialized.
2025-07-22 00:24:40,882 - INFO - Initializing tokenizer for thematic model: microsoft/BiomedNLP-PubMedBERT-base-uncased-abstract-fulltext
2025-07-22 00:24:40,891 - INFO - Configuration and logging setup complete.
2025-07-22 00:24:40,892 - INFO - Global MultiLabelBinarizer initialized.
2025-07-22 00:24:40,899 - INFO - Configuration and logging setup complete.
2025-07-22 00:24:40,900 - INFO - Global MultiLabelBinarizer initialized.
2025-07-22 00:24:40,966 - INFO - Initializing tokenizer for thematic model: microsoft/BiomedNLP-PubMedBERT-base-uncased-abstract-fulltext
2025-07-22 00:24:40,994 - INFO - Configuration and logging setup complete.
2025-07-22 00:24:40,995 - INFO - Global MultiLabelBinarizer initialized.
2025-07-22 00:24:41,006 - INFO - Initializing tokenizer for thematic model: microsoft/BiomedNLP-PubMedBERT-base-uncased-abstract-fulltext
2025-07-22 00:24:41,023 - INFO - Initializing tokenizer for thematic model: microsoft/BiomedNLP-PubMedBERT-base-uncased-abstract-fulltext
2025-07-22 00:24:41,034 - INFO - Initializing tokenizer for thematic model: microsoft/BiomedNLP-PubMedBERT-base-uncased-abstract-fulltext
2025-07-22 00:24:41,117 - INFO - Initializing tokenizer for thematic model: microsoft/BiomedNLP-PubMedBERT-base-uncased-abstract-fulltext
2025-07-22 00:24:41,208 - INFO - Loading data from data/patients_100a.json
2025-07-22 00:24:41,215 - INFO - Dataset loaded successfully! Total patients: 100
2025-07-22 00:24:41,232 - INFO - Combined narrative created from relevant fields.
2025-07-22 00:24:41,342 - INFO - Loading data from data/patients_100a.json
2025-07-22 00:24:41,342 - INFO - Loading data from data/patients_100a.json
2025-07-22 00:24:41,348 - INFO - Loading data from data/patients_100a.json
2025-07-22 00:24:41,352 - INFO - Dataset loaded successfully! Total patients: 100
2025-07-22 00:24:41,353 - INFO - Dataset loaded successfully! Total patients: 100
2025-07-22 00:24:41,357 - INFO - Dataset loaded successfully! Total patients: 100
2025-07-22 00:24:41,373 - INFO - Combined narrative created from relevant fields.
2025-07-22 00:24:41,374 - INFO - Combined narrative created from relevant fields.
2025-07-22 00:24:41,384 - INFO - Combined narrative created from relevant fields.
2025-07-22 00:24:41,399 - INFO - Loading data from data/patients_100a.json
2025-07-22 00:24:41,402 - INFO - Loading data from data/patients_100a.json
2025-07-22 00:24:41,411 - INFO - Dataset loaded successfully! Total patients: 100
2025-07-22 00:24:41,413 - INFO - Dataset loaded successfully! Total patients: 100
2025-07-22 00:24:41,440 - INFO - Combined narrative created from relevant fields.
2025-07-22 00:24:41,444 - INFO - Combined narrative created from relevant fields.
2025-07-22 00:24:41,503 - INFO - Loading data from data/patients_100a.json
2025-07-22 00:24:41,514 - INFO - Dataset loaded successfully! Total patients: 100
2025-07-22 00:24:41,529 - INFO - Loading data from data/patients_100a.json
2025-07-22 00:24:41,539 - INFO - Dataset loaded successfully! Total patients: 100
2025-07-22 00:24:41,542 - INFO - Combined narrative created from relevant fields.
2025-07-22 00:24:41,567 - INFO - Loading data from data/patients_100a.json
2025-07-22 00:24:41,570 - INFO - Combined narrative created from relevant fields.
2025-07-22 00:24:41,578 - INFO - Dataset loaded successfully! Total patients: 100
2025-07-22 00:24:41,608 - INFO - Combined narrative created from relevant fields.
2025-07-22 00:24:41,694 - INFO - Loading data from data/patients_100a.json
2025-07-22 00:24:41,706 - INFO - Dataset loaded successfully! Total patients: 100
2025-07-22 00:24:41,736 - INFO - Combined narrative created from relevant fields.
2025-07-22 00:24:41,856 - INFO - Loading data from data/patients_100a.json
2025-07-22 00:24:41,876 - INFO - Dataset loaded successfully! Total patients: 100
2025-07-22 00:24:41,924 - INFO - Combined narrative created from relevant fields.
2025-07-22 00:24:48,121 - INFO - Narratives preprocessed and labels assigned for main dataset.
2025-07-22 00:24:48,128 - INFO - Narratives preprocessed and labels assigned for main dataset.
2025-07-22 00:24:48,152 - INFO - Example multi-labels for first patient: [1 1 1 1 1]
2025-07-22 00:24:48,182 - INFO - Class distribution of 'dominant_label_id' before oversampling: Counter({1: 25, 0: 23, 2: 19, 3: 17, 4: 16})
2025-07-22 00:24:48,290 - INFO - Example multi-labels for first patient: [1 1 1 1 1]
2025-07-22 00:24:48,344 - INFO - Class distribution of 'dominant_label_id' before oversampling: Counter({1: 25, 0: 23, 2: 19, 3: 17, 4: 16})
2025-07-22 00:24:48,977 - INFO - Narratives preprocessed and labels assigned for main dataset.
2025-07-22 00:24:49,026 - INFO - Example multi-labels for first patient: [1 1 1 1 1]
2025-07-22 00:24:49,104 - INFO - Class distribution of 'dominant_label_id' before oversampling: Counter({1: 25, 0: 23, 2: 19, 3: 17, 4: 16})
2025-07-22 00:24:49,333 - INFO - Narratives preprocessed and labels assigned for main dataset.
2025-07-22 00:24:49,355 - INFO - Narratives preprocessed and labels assigned for main dataset.
2025-07-22 00:24:49,361 - INFO - Example multi-labels for first patient: [1 1 1 1 1]
2025-07-22 00:24:49,382 - INFO - Class distribution of 'dominant_label_id' before oversampling: Counter({1: 25, 0: 23, 2: 19, 3: 17, 4: 16})
2025-07-22 00:24:49,399 - INFO - Narratives preprocessed and labels assigned for main dataset.
2025-07-22 00:24:49,408 - INFO - Narratives preprocessed and labels assigned for main dataset.
2025-07-22 00:24:49,409 - INFO - Example multi-labels for first patient: [1 1 1 1 1]
2025-07-22 00:24:49,413 - INFO - Class distribution of 'dominant_label_id' before oversampling: Counter({1: 25, 0: 23, 2: 19, 3: 17, 4: 16})
2025-07-22 00:24:49,453 - INFO - Example multi-labels for first patient: [1 1 1 1 1]
2025-07-22 00:24:49,468 - INFO - Class distribution of 'dominant_label_id' before oversampling: Counter({1: 25, 0: 23, 2: 19, 3: 17, 4: 16})
2025-07-22 00:24:49,489 - INFO - Narratives preprocessed and labels assigned for main dataset.
2025-07-22 00:24:49,533 - INFO - Example multi-labels for first patient: [1 1 1 1 1]
2025-07-22 00:24:49,565 - INFO - Class distribution of 'dominant_label_id' before oversampling: Counter({1: 25, 0: 23, 2: 19, 3: 17, 4: 16})
2025-07-22 00:24:49,634 - INFO - Example multi-labels for first patient: [1 1 1 1 1]
2025-07-22 00:24:49,669 - INFO - Class distribution of 'dominant_label_id' before oversampling: Counter({1: 25, 0: 23, 2: 19, 3: 17, 4: 16})
2025-07-22 00:24:49,707 - INFO - Narratives preprocessed and labels assigned for main dataset.
2025-07-22 00:24:49,800 - INFO - Narratives preprocessed and labels assigned for main dataset.
2025-07-22 00:24:49,849 - INFO - Example multi-labels for first patient: [1 1 1 1 1]
2025-07-22 00:24:49,877 - INFO - Class distribution of 'dominant_label_id' before oversampling: Counter({1: 25, 0: 23, 2: 19, 3: 17, 4: 16})
2025-07-22 00:24:49,953 - INFO - Example multi-labels for first patient: [1 1 1 1 1]
2025-07-22 00:24:49,988 - INFO - Class distribution of 'dominant_label_id' before oversampling: Counter({1: 25, 0: 23, 2: 19, 3: 17, 4: 16})
2025-07-22 00:24:50,525 - INFO - Narratives preprocessed and labels assigned for main dataset.
2025-07-22 00:24:50,560 - INFO - Example multi-labels for first patient: [1 1 1 1 1]
2025-07-22 00:24:50,598 - INFO - Class distribution of 'dominant_label_id' before oversampling: Counter({1: 25, 0: 23, 2: 19, 3: 17, 4: 16})
2025-07-22 00:26:52,876 - INFO - Original number of narratives: 100
2025-07-22 00:26:52,903 - INFO - Number of chunks for classification after splitting: 7217
2025-07-22 00:26:52,930 - INFO - Class distribution after oversampling: Counter({np.int64(0): 1895, np.int64(2): 1895, np.int64(1): 1895, np.int64(4): 1895, np.int64(3): 1895})
2025-07-22 00:26:52,940 - INFO - Number of samples after oversampling: 9475
2025-07-22 00:26:54,329 - INFO - Original number of narratives: 100
2025-07-22 00:26:54,347 - INFO - Number of chunks for classification after splitting: 7217
2025-07-22 00:26:54,375 - INFO - Class distribution after oversampling: Counter({np.int64(0): 1895, np.int64(2): 1895, np.int64(1): 1895, np.int64(4): 1895, np.int64(3): 1895})
2025-07-22 00:26:54,399 - INFO - Number of samples after oversampling: 9475
2025-07-22 00:26:55,849 - INFO - Original number of narratives: 100
2025-07-22 00:26:55,850 - INFO - Number of chunks for classification after splitting: 7217
2025-07-22 00:26:55,860 - INFO - Class distribution after oversampling: Counter({np.int64(0): 1895, np.int64(2): 1895, np.int64(1): 1895, np.int64(4): 1895, np.int64(3): 1895})
2025-07-22 00:26:55,861 - INFO - Number of samples after oversampling: 9475
2025-07-22 00:26:56,938 - INFO - Original number of narratives: 100
2025-07-22 00:26:56,938 - INFO - Number of chunks for classification after splitting: 7217
2025-07-22 00:26:56,949 - INFO - Class distribution after oversampling: Counter({np.int64(0): 1895, np.int64(2): 1895, np.int64(1): 1895, np.int64(4): 1895, np.int64(3): 1895})
2025-07-22 00:26:56,958 - INFO - Number of samples after oversampling: 9475
2025-07-22 00:26:57,719 - INFO - Original number of narratives: 100
2025-07-22 00:26:57,741 - INFO - Number of chunks for classification after splitting: 7217
2025-07-22 00:26:57,767 - INFO - Class distribution after oversampling: Counter({np.int64(0): 1895, np.int64(2): 1895, np.int64(1): 1895, np.int64(4): 1895, np.int64(3): 1895})
2025-07-22 00:26:57,769 - INFO - Number of samples after oversampling: 9475
2025-07-22 00:27:00,095 - INFO - Original number of narratives: 100
2025-07-22 00:27:00,096 - INFO - Number of chunks for classification after splitting: 7217
2025-07-22 00:27:00,112 - INFO - Class distribution after oversampling: Counter({np.int64(0): 1895, np.int64(2): 1895, np.int64(1): 1895, np.int64(4): 1895, np.int64(3): 1895})
2025-07-22 00:27:00,114 - INFO - Number of samples after oversampling: 9475
2025-07-22 00:27:02,980 - INFO - Original number of narratives: 100
2025-07-22 00:27:02,981 - INFO - Number of chunks for classification after splitting: 7217
2025-07-22 00:27:02,993 - INFO - Class distribution after oversampling: Counter({np.int64(0): 1895, np.int64(2): 1895, np.int64(1): 1895, np.int64(4): 1895, np.int64(3): 1895})
2025-07-22 00:27:02,994 - INFO - Number of samples after oversampling: 9475
2025-07-22 00:27:05,416 - INFO - Original number of narratives: 100
2025-07-22 00:27:05,417 - INFO - Number of chunks for classification after splitting: 7217
2025-07-22 00:27:05,438 - INFO - Class distribution after oversampling: Counter({np.int64(0): 1895, np.int64(2): 1895, np.int64(1): 1895, np.int64(4): 1895, np.int64(3): 1895})
2025-07-22 00:27:05,439 - INFO - Number of samples after oversampling: 9475
2025-07-22 00:27:06,157 - INFO - Original number of narratives: 100
2025-07-22 00:27:06,159 - INFO - Number of chunks for classification after splitting: 7217
2025-07-22 00:27:06,178 - INFO - Class distribution after oversampling: Counter({np.int64(0): 1895, np.int64(2): 1895, np.int64(1): 1895, np.int64(4): 1895, np.int64(3): 1895})
2025-07-22 00:27:06,191 - INFO - Number of samples after oversampling: 9475
2025-07-22 00:27:15,327 - INFO - Original number of narratives: 100
2025-07-22 00:27:15,327 - INFO - Number of chunks for classification after splitting: 7217
2025-07-22 00:27:15,343 - INFO - Class distribution after oversampling: Counter({np.int64(0): 1895, np.int64(2): 1895, np.int64(1): 1895, np.int64(4): 1895, np.int64(3): 1895})
2025-07-22 00:27:15,344 - INFO - Number of samples after oversampling: 9475
2025-07-22 00:27:28,302 - INFO - Original number of narratives: 100
2025-07-22 00:27:28,303 - INFO - Number of chunks for classification after splitting: 7217
2025-07-22 00:27:28,317 - INFO - Class distribution after oversampling: Counter({np.int64(0): 1895, np.int64(2): 1895, np.int64(1): 1895, np.int64(4): 1895, np.int64(3): 1895})
2025-07-22 00:27:28,317 - INFO - Number of samples after oversampling: 9475
