2025-07-22 00:32:57,383 - INFO - Configuration and logging setup complete.
2025-07-22 00:32:57,384 - INFO - Global MultiLabelBinarizer initialized.
2025-07-22 00:32:57,395 - INFO - Configuration and logging setup complete.
2025-07-22 00:32:57,396 - INFO - Global MultiLabelBinarizer initialized.
2025-07-22 00:32:57,552 - INFO - Initializing tokenizer for thematic model: microsoft/BiomedNLP-PubMedBERT-base-uncased-abstract-fulltext
2025-07-22 00:32:57,553 - INFO - Initializing tokenizer for thematic model: microsoft/BiomedNLP-PubMedBERT-base-uncased-abstract-fulltext
2025-07-22 00:32:57,939 - INFO - Configuration and logging setup complete.
2025-07-22 00:32:57,940 - INFO - Global MultiLabelBinarizer initialized.
2025-07-22 00:32:58,077 - INFO - Loading data from data/patients_100a.json
2025-07-22 00:32:58,087 - INFO - Dataset loaded successfully! Total patients: 100
2025-07-22 00:32:58,090 - INFO - Initializing tokenizer for thematic model: microsoft/BiomedNLP-PubMedBERT-base-uncased-abstract-fulltext
2025-07-22 00:32:58,118 - INFO - Combined narrative created from relevant fields.
2025-07-22 00:32:58,215 - INFO - Loading data from data/patients_100a.json
2025-07-22 00:32:58,225 - INFO - Dataset loaded successfully! Total patients: 100
2025-07-22 00:32:58,251 - INFO - Combined narrative created from relevant fields.
2025-07-22 00:32:58,716 - INFO - Loading data from data/patients_100a.json
2025-07-22 00:32:58,726 - INFO - Dataset loaded successfully! Total patients: 100
2025-07-22 00:32:58,752 - INFO - Combined narrative created from relevant fields.
2025-07-22 00:33:03,260 - INFO - Narratives preprocessed and labels assigned for main dataset.
2025-07-22 00:33:03,260 - INFO - Example multi-labels for first patient: [1 1 1 1 1]
2025-07-22 00:33:03,261 - INFO - Class distribution of 'dominant_label_id' before oversampling: Counter({1: 25, 0: 23, 2: 19, 3: 17, 4: 16})
2025-07-22 00:33:03,469 - INFO - Narratives preprocessed and labels assigned for main dataset.
2025-07-22 00:33:03,470 - INFO - Example multi-labels for first patient: [1 1 1 1 1]
2025-07-22 00:33:03,471 - INFO - Class distribution of 'dominant_label_id' before oversampling: Counter({1: 25, 0: 23, 2: 19, 3: 17, 4: 16})
2025-07-22 00:33:03,795 - INFO - Narratives preprocessed and labels assigned for main dataset.
2025-07-22 00:33:03,796 - INFO - Example multi-labels for first patient: [1 1 1 1 1]
2025-07-22 00:33:03,797 - INFO - Class distribution of 'dominant_label_id' before oversampling: Counter({1: 25, 0: 23, 2: 19, 3: 17, 4: 16})
2025-07-22 00:35:10,134 - INFO - Original number of narratives: 100
2025-07-22 00:35:10,134 - INFO - Number of chunks for classification after splitting: 7217
2025-07-22 00:35:10,147 - INFO - Class distribution after oversampling: Counter({np.int64(0): 1895, np.int64(2): 1895, np.int64(1): 1895, np.int64(4): 1895, np.int64(3): 1895})
2025-07-22 00:35:10,148 - INFO - Number of samples after oversampling: 9475
2025-07-22 00:35:11,711 - INFO - Original number of narratives: 100
2025-07-22 00:35:11,712 - INFO - Number of chunks for classification after splitting: 7217
2025-07-22 00:35:11,725 - INFO - Class distribution after oversampling: Counter({np.int64(0): 1895, np.int64(2): 1895, np.int64(1): 1895, np.int64(4): 1895, np.int64(3): 1895})
2025-07-22 00:35:11,726 - INFO - Number of samples after oversampling: 9475
2025-07-22 00:35:14,441 - INFO - Original number of narratives: 100
2025-07-22 00:35:14,442 - INFO - Number of chunks for classification after splitting: 7217
2025-07-22 00:35:14,454 - INFO - Class distribution after oversampling: Counter({np.int64(0): 1895, np.int64(2): 1895, np.int64(1): 1895, np.int64(4): 1895, np.int64(3): 1895})
2025-07-22 00:35:14,456 - INFO - Number of samples after oversampling: 9475
